<?xml version="1.0" encoding="UTF-8"?>
<!-- Generated by org.testng.reporters.JUnitXMLReporter -->
<testsuite hostname="lenovo" ignored="0" name="Test Cases" tests="18" failures="1" timestamp="08 Feb 2018 00:17:42 GMT" time="157.682" errors="0">
  <testcase name="testForPurchasingTwoItems" time="41.029" classname="tests.HappyPathTest"/>
  <testcase name="testForPreviousOrders" time="13.683" classname="tests.ViewOrdersTest"/>
  <testcase name="testToCaptureFailedScreenshot" time="8.288" classname="tests.CaptureImageTest">
    <failure type="java.lang.Exception" message="Order cannot be selected by date">
      <![CDATA[java.lang.Exception: Order cannot be selected by dateat Pages.OrderHistoryPage.selectOrderFromHistory(OrderHistoryPage.java:56)at tests.CaptureImageTest.testToCaptureFailedScreenshot(CaptureImageTest.java:39)... Removed 24 stack frames]]>
    </failure>
  </testcase> <!-- testToCaptureFailedScreenshot -->
  <testcase name="testForCreateUser" time="6.313" classname="apitests.APICallsTest"/>
  <testcase name="testForDelayedResponse" time="4.215" classname="apitests.APICallsTest"/>
  <testcase name="testForDeleteUser" time="0.549" classname="apitests.APICallsTest"/>
  <testcase name="testForGetListOfResources" time="1.031" classname="apitests.APICallsTest"/>
  <testcase name="testForGetListOfUsers" time="0.976" classname="apitests.APICallsTest"/>
  <testcase name="testForGetSingleResource" time="0.716" classname="apitests.APICallsTest"/>
  <testcase name="testForGetSingleResourceNotFound" time="0.432" classname="apitests.APICallsTest"/>
  <testcase name="testForGetSingleUser" time="0.513" classname="apitests.APICallsTest"/>
  <testcase name="testForGetSingleUserNotFound" time="0.386" classname="apitests.APICallsTest"/>
  <testcase name="testForLoginSuccessful" time="0.398" classname="apitests.APICallsTest"/>
  <testcase name="testForLoginUnSuccessful" time="0.377" classname="apitests.APICallsTest"/>
  <testcase name="testForRegisterSuccessful" time="0.415" classname="apitests.APICallsTest"/>
  <testcase name="testForRegisterUnSuccessful" time="0.376" classname="apitests.APICallsTest"/>
  <testcase name="testForUpdateUserUsingPatch" time="0.495" classname="apitests.APICallsTest"/>
  <testcase name="testForUpdateUserUsingPut" time="0.519" classname="apitests.APICallsTest"/>
</testsuite> <!-- Test Cases -->
